<?xml version="1.0" encoding="UTF-8"?>
<!-- Generated by org.testng.reporters.JUnitXMLReporter -->
<testsuite hostname="DESKTOP-R0QK2O8" ignored="0" name="Homepage Tests" tests="2" failures="0" timestamp="22 Jul 2018 17:09:20 GMT" time="15.411" errors="0">
  <testcase name="verifyTitleOfThePage" time="0.035" classname="com.mercurytravel.test.HomepageTests"/>
  <testcase name="verifyUserLogin" time="4.02" classname="com.mercurytravel.test.HomepageTests"/>
</testsuite> <!-- Homepage Tests -->
