<?xml version="1.0" encoding="UTF-8"?>
<!-- Generated by org.testng.reporters.JUnitXMLReporter -->
<testsuite hostname="DESKTOP-R0QK2O8" ignored="0" name="Homepage Tests" tests="2" failures="0" timestamp="28 Jul 2018 17:47:29 GMT" time="17.283" errors="0">
  <testcase name="verifyTitleOfThePage" time="0.044" classname="com.mercurytravel.test.HomepageTests"/>
  <testcase name="verifyUserLogin" time="4.163" classname="com.mercurytravel.test.HomepageTests"/>
</testsuite> <!-- Homepage Tests -->
